<?xml version="1.0" encoding="UTF-8"?>
<testsuite name="RestResourcesTest" tests="3" skipped="0" failures="0" errors="0" timestamp="2019-12-31T10:31:39" hostname="Maors-MacBook-Pro.local" time="9.534">
  <properties/>
  <testcase name="testIndexDocument" classname="RestResourcesTest" time="0.406"/>
  <testcase name="testIndexAndSearchOfDocument" classname="RestResourcesTest" time="9.087"/>
  <testcase name="testSearchDocument" classname="RestResourcesTest" time="0.041"/>
  <system-out><![CDATA[202
The message sPMZ has been indexed successfully
User-Agent: Macintosh
200
The retrived message from elasticsearch:
{
  "_index" : "messages",
  "_type" : "type1",
  "_id" : "mBSCW28Bg3GIlAcj3CqZ",
  "_score" : 0.5753642,
  "_source" : {
    "User-Agent" : "Mozilla/5.0 (Macintosh; Intel Mac OS X)",
    "message" : "sPMZ 1"
  }
}

{
  "_index" : "messages",
  "_type" : "type1",
  "_id" : "lxSCW28Bg3GIlAcj2yoe",
  "_score" : 0.5753642,
  "_source" : {
    "User-Agent" : "Mozilla/5.0 (Macintosh; Intel Mac OS X)",
    "message" : "boot 2"
  }
}

]]></system-out>
  <system-err><![CDATA[]]></system-err>
</testsuite>
